TN:
SF:client\src\components\Form\CategoryForm.js
FN:3,(anonymous_0)
FN:13,(anonymous_1)
FNF:2
FNH:0
FNDA:0,(anonymous_0)
FNDA:0,(anonymous_1)
DA:3,0
DA:4,0
DA:13,0
LF:3
LH:0
BRF:0
BRH:0
end_of_record
TN:
SF:client\src\components\Form\SearchInput.js
FN:5,(anonymous_0)
FN:9,(anonymous_1)
FN:30,(anonymous_2)
FNF:3
FNH:3
FNDA:54,(anonymous_0)
FNDA:2,(anonymous_1)
FNDA:1,(anonymous_2)
DA:5,5
DA:6,54
DA:7,54
DA:9,54
DA:10,2
DA:11,2
DA:12,2
DA:15,2
DA:16,2
DA:18,0
DA:21,54
DA:30,1
LF:12
LH:11
BRF:0
BRH:0
end_of_record
TN:
SF:client\src\pages\CartPage.js
FN:12,(anonymous_0)
FN:21,(anonymous_1)
FN:24,(anonymous_2)
FN:36,(anonymous_3)
FN:39,(anonymous_4)
FN:49,(anonymous_5)
FN:57,(anonymous_6)
FN:62,(anonymous_7)
FN:102,(anonymous_8)
FN:121,(anonymous_9)
FN:141,(anonymous_10)
FN:152,(anonymous_11)
FN:159,(anonymous_12)
FN:182,(anonymous_13)
FNF:14
FNH:9
FNDA:3,(anonymous_0)
FNDA:3,(anonymous_1)
FNDA:5,(anonymous_2)
FNDA:1,(anonymous_3)
FNDA:1,(anonymous_4)
FNDA:3,(anonymous_5)
FNDA:3,(anonymous_6)
FNDA:0,(anonymous_7)
FNDA:5,(anonymous_8)
FNDA:1,(anonymous_9)
FNDA:0,(anonymous_10)
FNDA:0,(anonymous_11)
FNDA:0,(anonymous_12)
FNDA:0,(anonymous_13)
DA:12,1
DA:13,3
DA:14,3
DA:15,3
DA:16,3
DA:17,3
DA:18,3
DA:21,3
DA:22,3
DA:23,3
DA:24,3
DA:25,5
DA:27,3
DA:32,0
DA:36,3
DA:37,1
DA:38,1
DA:39,1
DA:40,1
DA:41,1
DA:42,1
DA:44,0
DA:49,3
DA:50,3
DA:51,3
DA:52,0
DA:54,3
DA:57,3
DA:58,3
DA:62,3
DA:63,0
DA:64,0
DA:65,0
DA:66,0
DA:70,0
DA:71,0
DA:72,0
DA:73,0
DA:74,0
DA:76,0
DA:77,0
DA:80,3
DA:103,5
DA:121,1
DA:141,0
DA:152,0
DA:160,0
DA:182,0
LF:48
LH:30
BRDA:86,0,0,3
BRDA:86,0,1,0
BRDA:88,1,0,0
BRDA:88,1,1,0
BRDA:90,2,0,2
BRDA:90,2,1,1
BRDA:92,3,0,0
BRDA:92,3,1,2
BRDA:134,4,0,0
BRDA:134,4,1,3
BRDA:149,5,0,0
BRDA:149,5,1,3
BRDA:171,6,0,3
BRDA:171,6,1,0
BRDA:171,7,0,3
BRDA:171,7,1,0
BRDA:171,7,2,0
BRDA:188,8,0,0
BRDA:188,8,1,0
BRDA:188,8,2,0
BRDA:190,9,0,0
BRDA:190,9,1,0
BRF:22
BRH:8
end_of_record
TN:
SF:client\src\pages\ProductDetails.js
FN:7,(anonymous_0)
FN:14,(anonymous_1)
FN:18,(anonymous_2)
FN:30,(anonymous_3)
FN:75,(anonymous_4)
FN:98,(anonymous_5)
FNF:6
FNH:5
FNDA:7,(anonymous_0)
FNDA:4,(anonymous_1)
FNDA:4,(anonymous_2)
FNDA:3,(anonymous_3)
FNDA:2,(anonymous_4)
FNDA:0,(anonymous_5)
DA:7,1
DA:8,7
DA:9,6
DA:10,6
DA:11,6
DA:14,6
DA:15,4
DA:18,6
DA:19,4
DA:20,4
DA:23,3
DA:24,3
DA:26,1
DA:30,6
DA:31,3
DA:32,3
DA:35,3
DA:37,0
DA:40,6
DA:76,2
DA:98,0
LF:21
LH:19
BRDA:15,0,0,4
BRDA:15,0,1,0
BRDA:71,1,0,6
BRDA:71,1,1,5
BRF:4
BRH:3
end_of_record
TN:
SF:client\src\pages\Search.js
FN:4,(anonymous_0)
FN:17,(anonymous_1)
FNF:2
FNH:2
FNDA:4,(anonymous_0)
FNDA:8,(anonymous_1)
DA:4,1
DA:5,4
DA:6,4
DA:18,8
LF:4
LH:4
BRDA:12,0,0,1
BRDA:12,0,1,3
BRF:2
BRH:2
end_of_record
TN:
SF:client\src\pages\Auth\Login.js
FN:9,(anonymous_0)
FN:20,(anonymous_1)
FN:62,(anonymous_2)
FN:73,(anonymous_3)
FN:84,(anonymous_4)
FNF:5
FNH:4
FNDA:18,(anonymous_0)
FNDA:2,(anonymous_1)
FNDA:5,(anonymous_2)
FNDA:4,(anonymous_3)
FNDA:0,(anonymous_4)
DA:9,1
DA:10,18
DA:11,18
DA:12,18
DA:15,18
DA:16,18
DA:20,18
DA:21,2
DA:22,2
DA:23,2
DA:27,1
DA:28,1
DA:36,1
DA:41,1
DA:42,1
DA:44,0
DA:47,1
DA:48,1
DA:51,18
DA:62,5
DA:73,4
DA:85,0
LF:22
LH:20
BRDA:27,0,0,1
BRDA:27,0,1,0
BRDA:27,1,0,1
BRDA:27,1,1,1
BRDA:28,2,0,1
BRDA:28,2,1,1
BRDA:42,3,0,1
BRDA:42,3,1,1
BRF:8
BRH:7
end_of_record
TN:
SF:client\src\pages\Auth\Register.js
FN:7,(anonymous_0)
FN:18,(anonymous_1)
FN:51,(anonymous_2)
FN:63,(anonymous_3)
FN:74,(anonymous_4)
FN:85,(anonymous_5)
FN:96,(anonymous_6)
FN:107,(anonymous_7)
FN:118,(anonymous_8)
FNF:9
FNH:9
FNDA:16,(anonymous_0)
FNDA:2,(anonymous_1)
FNDA:2,(anonymous_2)
FNDA:2,(anonymous_3)
FNDA:2,(anonymous_4)
FNDA:2,(anonymous_5)
FNDA:2,(anonymous_6)
FNDA:2,(anonymous_7)
FNDA:2,(anonymous_8)
DA:7,1
DA:8,16
DA:9,16
DA:10,16
DA:11,16
DA:12,16
DA:13,16
DA:14,16
DA:15,16
DA:18,16
DA:19,2
DA:20,2
DA:21,2
DA:30,1
DA:31,1
DA:32,1
DA:34,0
DA:37,1
DA:38,1
DA:42,16
DA:51,2
DA:63,2
DA:74,2
DA:85,2
DA:96,2
DA:107,2
DA:118,2
LF:27
LH:26
BRDA:30,0,0,1
BRDA:30,0,1,0
BRDA:30,1,0,1
BRDA:30,1,1,1
BRF:4
BRH:3
end_of_record
TN:
SF:client\src\pages\user\Profile.js
FN:7,(anonymous_0)
FN:18,(anonymous_1)
FN:27,(anonymous_2)
FN:67,(anonymous_3)
FN:78,(anonymous_4)
FN:89,(anonymous_5)
FN:99,(anonymous_6)
FN:109,(anonymous_7)
FNF:8
FNH:6
FNDA:21,(anonymous_0)
FNDA:14,(anonymous_1)
FNDA:2,(anonymous_2)
FNDA:2,(anonymous_3)
FNDA:0,(anonymous_4)
FNDA:0,(anonymous_5)
FNDA:1,(anonymous_6)
FNDA:1,(anonymous_7)
DA:7,1
DA:9,21
DA:11,21
DA:12,21
DA:13,21
DA:14,21
DA:15,21
DA:18,21
DA:19,14
DA:20,14
DA:21,14
DA:22,14
DA:23,14
DA:27,21
DA:28,2
DA:29,2
DA:30,2
DA:37,1
DA:38,0
DA:40,1
DA:41,1
DA:42,1
DA:43,1
DA:44,1
DA:45,1
DA:48,1
DA:49,1
DA:52,21
DA:67,2
DA:78,0
DA:89,0
DA:99,1
DA:109,1
LF:33
LH:30
BRDA:37,0,0,0
BRDA:37,0,1,1
BRF:2
BRH:1
end_of_record
